Arguments: 
  /Users/likangde925/.nvm/versions/node/v10.11.0/bin/node /usr/local/bin/yarn add music-api

PATH: 
  /Users/likangde925/.yarn/bin:/Users/likangde925/.config/yarn/global/node_modules/.bin:/Users/likangde925/.nvm/versions/node/v10.11.0/bin:/usr/local/bin:/usr/bin:/bin:/usr/sbin:/sbin:/Users/likangde925/.yarn/bin:/Users/likangde925/.config/yarn/global/node_modules/.bin

Yarn version: 
  1.3.2

Node version: 
  10.11.0

Platform: 
  darwin x64

npm manifest: 
  {
    "name": "node_music",
    "version": "1.0.0",
    "description": "",
    "main": "index.js",
    "scripts": {
      "test": "echo \"Error: no test specified\" && exit 1"
    },
    "author": "",
    "license": "ISC"
  }

yarn manifest: 
  No manifest

Lockfile: 
  No lockfile

Trace: 
  Error: getaddrinfo ENOTFOUND maven.paic.com.cn maven.paic.com.cn:80
      at GetAddrInfoReqWrap.onlookup [as oncomplete] (dns.js:57:26)
